#
# There is insufficient memory for the Java Runtime Environment to continue.
# Native memory allocation (mmap) failed to map 65536 bytes for Failed to commit metaspace.
# Possible reasons:
#   The system is out of physical RAM or swap space
#   The process is running with CompressedOops enabled, and the Java Heap may be blocking the growth of the native heap
# Possible solutions:
#   Reduce memory load on the system
#   Increase physical memory or swap space
#   Check if swap backing store is full
#   Decrease Java heap size (-Xmx/-Xms)
#   Decrease number of Java threads
#   Decrease Java thread stack sizes (-Xss)
#   Set larger code cache with -XX:ReservedCodeCacheSize=
#   JVM is running with Unscaled Compressed Oops mode in which the Java heap is
#     placed in the first 4GB address space. The Java Heap base address is the
#     maximum limit for the native heap growth. Please use -XX:HeapBaseMinAddress
#     to set the Java Heap base and to place the Java Heap above 4GB virtual address.
# This output file may be truncated or incomplete.
#
#  Out of Memory Error (virtualSpaceNode.cpp:112), pid=21248, tid=14264
#
# JRE version: OpenJDK Runtime Environment Temurin-21+35 (21.0+35) (build 21+35-LTS)
# Java VM: OpenJDK 64-Bit Server VM Temurin-21+35 (21+35-LTS, mixed mode, tiered, compressed oops, compressed class ptrs, g1 gc, windows-amd64)
# No core dump will be written. Minidumps are not enabled by default on client versions of Windows
#

---------------  S U M M A R Y ------------

Command Line: -Dfile.encoding=UTF-8 -Dstdout.encoding=UTF-8 -Dstderr.encoding=UTF-8 -XX:+ShowCodeDetailsInExceptionMessages bankManagementSystem.BalanceEnquiry

Host: 12th Gen Intel(R) Core(TM) i5-1235U, 12 cores, 7G,  Windows 11 , 64 bit Build 22621 (10.0.22621.2506)
Time: Mon Dec 25 21:45:02 2023 India Standard Time elapsed time: 0.871348 seconds (0d 0h 0m 0s)

---------------  T H R E A D  ---------------

Current thread (0x0000029f749799f0):  JavaThread "main"             [_thread_in_vm, id=14264, stack(0x000000c0ce700000,0x000000c0ce800000) (1024K)]

Stack: [0x000000c0ce700000,0x000000c0ce800000]
Native frames: (J=compiled Java code, j=interpreted, Vv=VM code, C=native code)
V  [jvm.dll+0x6c74b9]
V  [jvm.dll+0x8a1501]
V  [jvm.dll+0x8a393e]
V  [jvm.dll+0x8a4003]
V  [jvm.dll+0x27f6e6]
V  [jvm.dll+0x89d28e]
V  [jvm.dll+0x66a425]
V  [jvm.dll+0x66a48a]
V  [jvm.dll+0x66cc42]
V  [jvm.dll+0x66cb12]
V  [jvm.dll+0x66adfe]
V  [jvm.dll+0x26a826]
V  [jvm.dll+0x216d17]
V  [jvm.dll+0x20c77e]
V  [jvm.dll+0x5a9b2c]
V  [jvm.dll+0x21de5a]
V  [jvm.dll+0x8198f1]
V  [jvm.dll+0x81a924]
V  [jvm.dll+0x81b100]
V  [jvm.dll+0x2175cc]
V  [jvm.dll+0x20c797]
V  [jvm.dll+0x5a9b2c]
V  [jvm.dll+0x21de5a]
V  [jvm.dll+0x8198f1]
V  [jvm.dll+0x81a924]
V  [jvm.dll+0x81aedd]
V  [jvm.dll+0x81ab78]
V  [jvm.dll+0x26cebb]
V  [jvm.dll+0x3d0fae]
C  0x0000029f0754a6b6

The last pc belongs to new (printed below).
Java frames: (J=compiled Java code, j=interpreted, Vv=VM code)
j  sun.security.ssl.TransportContext.kickstart()V+176 java.base@21
j  sun.security.ssl.SSLSocketImpl.startHandshake(Z)V+108 java.base@21
j  sun.security.ssl.SSLSocketImpl.startHandshake()V+2 java.base@21
j  com.mysql.cj.protocol.ExportControlled.performTlsHandshake(Ljava/net/Socket;Lcom/mysql/cj/protocol/SocketConnection;Lcom/mysql/cj/ServerVersion;Lcom/mysql/cj/log/Log;)Ljava/net/Socket;+235
j  com.mysql.cj.protocol.StandardSocketFactory.performTlsHandshake(Lcom/mysql/cj/protocol/SocketConnection;Lcom/mysql/cj/protocol/ServerSession;Lcom/mysql/cj/log/Log;)Ljava/io/Closeable;+21
j  com.mysql.cj.protocol.a.NativeSocketConnection.performTlsHandshake(Lcom/mysql/cj/protocol/ServerSession;Lcom/mysql/cj/log/Log;)V+8
j  com.mysql.cj.protocol.a.NativeProtocol.negotiateSSLConnection()V+116
j  com.mysql.cj.protocol.a.NativeAuthenticationProvider.connect(Ljava/lang/String;Ljava/lang/String;Ljava/lang/String;)V+765
j  com.mysql.cj.protocol.a.NativeProtocol.connect(Ljava/lang/String;Ljava/lang/String;Ljava/lang/String;)V+11
j  com.mysql.cj.NativeSession.connect(Lcom/mysql/cj/conf/HostInfo;Ljava/lang/String;Ljava/lang/String;Ljava/lang/String;ILcom/mysql/cj/TransactionEventHandler;)V+110
j  com.mysql.cj.jdbc.ConnectionImpl.connectOneTryOnly(Z)V+32
j  com.mysql.cj.jdbc.ConnectionImpl.createNewIO(Z)V+27
j  com.mysql.cj.jdbc.ConnectionImpl.<init>(Lcom/mysql/cj/conf/HostInfo;)V+753
j  com.mysql.cj.jdbc.ConnectionImpl.getInstance(Lcom/mysql/cj/conf/HostInfo;)Lcom/mysql/cj/jdbc/JdbcConnection;+5
j  com.mysql.cj.jdbc.NonRegisteringDriver.connect(Ljava/lang/String;Ljava/util/Properties;)Ljava/sql/Connection;+72
j  java.sql.DriverManager.getConnection(Ljava/lang/String;Ljava/util/Properties;Ljava/lang/Class;)Ljava/sql/Connection;+133 java.sql@21
j  java.sql.DriverManager.getConnection(Ljava/lang/String;Ljava/lang/String;Ljava/lang/String;)Ljava/sql/Connection;+37 java.sql@21
j  bankManagementSystem.conn.<init>()V+11
j  bankManagementSystem.BalanceEnquiry.<init>(Ljava/lang/String;)V+66
j  bankManagementSystem.BalanceEnquiry.main([Ljava/lang/String;)V+5
v  ~StubRoutines::call_stub 0x0000029f0753100d
new  187 new  [0x0000029f0754a540, 0x0000029f0754a740]  512 bytes
[MachCode]
  0x0000029f0754a540: 4883 ec08 | c5fa 1104 | 24eb 1f48 | 83ec 10c5 | fb11 0424 | eb14 4883 | ec10 4889 | 0424 48c7 
  0x0000029f0754a560: 4424 0800 | 0000 00eb | 0150 410f | b755 010f | cac1 ea10 | 488b 4de8 | 488b 4908 | 488b 4908 
  0x0000029f0754a580: 488b 4108 | 807c 1004 | 070f 85ca | 0000 0066 | 8b54 d148 | 488b 4928 | 488b 4cd1 | 0851 80b9 
  0x0000029f0754a5a0: 2001 0000 | 050f 85ad | 0000 008b | 5108 f6c2 | 010f 85a1 | 0000 0049 | 8b87 b801 | 0000 488d 
  0x0000029f0754a5c0: 1c10 493b | 9fc8 0100 | 000f 8789 | 0000 0049 | 899f b801 | 0000 4883 | ea10 0f84 | 0f00 0000 
  0x0000029f0754a5e0: 33c9 c1ea | 0348 894c | d008 48ff | ca75 f648 | c700 0100 | 0000 5933 | f689 700c | 48c1 e903 
  0x0000029f0754a600: 8948 0849 | ba7f 7a3e | 25fa 7f00 | 0041 803a | 000f 843c | 0000 0050 | 488b c848 | 83ec 2040 
  0x0000029f0754a620: f6c4 0f0f | 8419 0000 | 0048 83ec | 0848 b870 | d4e8 24fa | 7f00 00ff | d048 83c4 | 08e9 0c00 
  0x0000029f0754a640: 0000 48b8 | 70d4 e824 | fa7f 0000 | ffd0 4883 | c420 58e9 | cb00 0000 | 5948 8b55 | e848 8b52 
  0x0000029f0754a660: 0848 8b52 | 0845 0fb7 | 4501 410f | c841 c1e8 | 10e8 0500 | 0000 e9a8 | 0000 0048 | 8d44 2408 
  0x0000029f0754a680: 4c89 6dc0 | 498b cfc5 | f877 4989 | afa8 0300 | 0049 8987 | 9803 0000 | 4883 ec20 | 40f6 c40f 
  0x0000029f0754a6a0: 0f84 1900 | 0000 4883 | ec08 48b8 | 600f b324 | fa7f 0000 | ffd0 4883 | c408 e90c | 0000 0048 
  0x0000029f0754a6c0: b860 0fb3 | 24fa 7f00 | 00ff d048 | 83c4 2049 | c787 9803 | 0000 0000 | 0000 49c7 | 87a8 0300 
  0x0000029f0754a6e0: 0000 0000 | 0049 c787 | a003 0000 | 0000 0000 | c5f8 7749 | 837f 0800 | 0f84 0500 | 0000 e9fd 
  0x0000029f0754a700: 67fe ff49 | 8b87 f003 | 0000 49c7 | 87f0 0300 | 0000 0000 | 004c 8b6d | c04c 8b75 | c84e 8d74 
  0x0000029f0754a720: f500 c341 | 0fb6 5d03 | 4983 c503 | 49ba 2034 | 4125 fa7f | 0000 41ff | 24da 660f | 1f44 0000 
[/MachCode]

---------------  P R O C E S S  ---------------

Threads class SMR info:
_java_thread_list=0x0000029f137e3bf0, length=15, elements={
0x0000029f749799f0, 0x0000029f13078ba0, 0x0000029f1307c620, 0x0000029f1307d080,
0x0000029f1305b860, 0x0000029f1304a740, 0x0000029f13048670, 0x0000029f1305ee00,
0x0000029f1308fdd0, 0x0000029f13048d00, 0x0000029f13047950, 0x0000029f13047fe0,
0x0000029f1304add0, 0x0000029f13049390, 0x0000029f13049a20
}

Java Threads: ( => current thread )
=>0x0000029f749799f0 JavaThread "main"                              [_thread_in_vm, id=14264, stack(0x000000c0ce700000,0x000000c0ce800000) (1024K)]
  0x0000029f13078ba0 JavaThread "Reference Handler"          daemon [_thread_blocked, id=9184, stack(0x000000c0cef00000,0x000000c0cf000000) (1024K)]
  0x0000029f1307c620 JavaThread "Finalizer"                  daemon [_thread_blocked, id=27520, stack(0x000000c0cf000000,0x000000c0cf100000) (1024K)]
  0x0000029f1307d080 JavaThread "Signal Dispatcher"          daemon [_thread_blocked, id=34548, stack(0x000000c0cf100000,0x000000c0cf200000) (1024K)]
  0x0000029f1305b860 JavaThread "Attach Listener"            daemon [_thread_blocked, id=48068, stack(0x000000c0cf200000,0x000000c0cf300000) (1024K)]
  0x0000029f1304a740 JavaThread "Service Thread"             daemon [_thread_blocked, id=27164, stack(0x000000c0cf300000,0x000000c0cf400000) (1024K)]
  0x0000029f13048670 JavaThread "Monitor Deflation Thread"   daemon [_thread_blocked, id=10572, stack(0x000000c0cf400000,0x000000c0cf500000) (1024K)]
  0x0000029f1305ee00 JavaThread "C2 CompilerThread0"         daemon [_thread_blocked, id=44664, stack(0x000000c0cf500000,0x000000c0cf600000) (1024K)]
  0x0000029f1308fdd0 JavaThread "C1 CompilerThread0"         daemon [_thread_in_vm, id=15776, stack(0x000000c0cf600000,0x000000c0cf700000) (1024K)]
  0x0000029f13048d00 JavaThread "Notification Thread"        daemon [_thread_blocked, id=50028, stack(0x000000c0cf700000,0x000000c0cf800000) (1024K)]
  0x0000029f13047950 JavaThread "Common-Cleaner"             daemon [_thread_blocked, id=48672, stack(0x000000c0cf800000,0x000000c0cf900000) (1024K)]
  0x0000029f13047fe0 JavaThread "Java2D Disposer"            daemon [_thread_blocked, id=51540, stack(0x000000c0cf900000,0x000000c0cfa00000) (1024K)]
  0x0000029f1304add0 JavaThread "AWT-Shutdown"                      [_thread_blocked, id=28632, stack(0x000000c0cfa00000,0x000000c0cfb00000) (1024K)]
  0x0000029f13049390 JavaThread "AWT-Windows"                daemon [_thread_in_native, id=48984, stack(0x000000c0cfb00000,0x000000c0cfc00000) (1024K)]
  0x0000029f13049a20 JavaThread "mysql-cj-abandoned-connection-cleanup" daemon [_thread_blocked, id=33428, stack(0x000000c0cfc00000,0x000000c0cfd00000) (1024K)]
Total: 15

Other Threads:
  0x0000029f7ff8a520 VMThread "VM Thread"                           [id=2716, stack(0x000000c0cee00000,0x000000c0cef00000) (1024K)]
  0x0000029f7ff354d0 WatcherThread "VM Periodic Task Thread"        [id=18952, stack(0x000000c0ced00000,0x000000c0cee00000) (1024K)]
  0x0000029f76ca8520 WorkerThread "GC Thread#0"                     [id=42584, stack(0x000000c0ce800000,0x000000c0ce900000) (1024K)]
  0x0000029f76cb9490 ConcurrentGCThread "G1 Main Marker"            [id=24984, stack(0x000000c0ce900000,0x000000c0cea00000) (1024K)]
  0x0000029f76cb9f90 WorkerThread "G1 Conc#0"                       [id=45812, stack(0x000000c0cea00000,0x000000c0ceb00000) (1024K)]
  0x0000029f76d1e680 ConcurrentGCThread "G1 Refine#0"               [id=31108, stack(0x000000c0ceb00000,0x000000c0cec00000) (1024K)]
  0x0000029f7fe07360 ConcurrentGCThread "G1 Service"                [id=17304, stack(0x000000c0cec00000,0x000000c0ced00000) (1024K)]
Total: 7

Threads with active compile tasks:
C1 CompilerThread0      911 1145       3       java.util.ArrayList::indexOfRange (71 bytes)
Total: 1

VM state: not at safepoint (normal execution)

VM Mutex/Monitor currently owned by a thread:  ([mutex/lock_event])
[0x00007ffa253fd978] Metaspace_lock - owner thread: 0x0000029f749799f0

Heap address: 0x0000000084e00000, size: 1970 MB, Compressed Oops mode: 32-bit

CDS archive(s) not mapped
Compressed class space mapped at: 0x0000000100000000-0x0000000140000000, reserved size: 1073741824
Narrow klass base: 0x0000000000000000, Narrow klass shift: 3, Narrow klass range: 0x140000000

GC Precious Log:
 CardTable entry size: 512
 Card Set container configuration: InlinePtr #cards 5 size 8 Array Of Cards #cards 12 size 40 Howl #buckets 4 coarsen threshold 1843 Howl Bitmap #cards 512 size 80 coarsen threshold 460 Card regions per heap region 1 cards per card region 2048
 CPUs: 12 total, 12 available
 Memory: 7876M
 Large Page Support: Disabled
 NUMA Support: Disabled
 Compressed Oops: Enabled (32-bit)
 Heap Region Size: 1M
 Heap Min Capacity: 8M
 Heap Initial Capacity: 124M
 Heap Max Capacity: 1970M
 Pre-touch: Disabled
 Parallel Workers: 10
 Concurrent Workers: 3
 Concurrent Refinement Workers: 10
 Periodic GC: Disabled

Heap:
 garbage-first heap   total 126976K, used 15360K [0x0000000084e00000, 0x0000000100000000)
  region size 1024K, 17 young (17408K), 0 survivors (0K)
 Metaspace       used 19592K, committed 19840K, reserved 1114112K
  class space    used 1877K, committed 2048K, reserved 1048576K

Heap Regions: E=young(eden), S=young(survivor), O=old, HS=humongous(starts), HC=humongous(continues), CS=collection set, F=free, TAMS=top-at-mark-start, PB=parsable bottom
|   0|0x0000000084e00000, 0x0000000084e00000, 0x0000000084f00000|  0%| F|  |TAMS 0x0000000084e00000| PB 0x0000000084e00000| Untracked 
|   1|0x0000000084f00000, 0x0000000084f00000, 0x0000000085000000|  0%| F|  |TAMS 0x0000000084f00000| PB 0x0000000084f00000| Untracked 
|   2|0x0000000085000000, 0x0000000085000000, 0x0000000085100000|  0%| F|  |TAMS 0x0000000085000000| PB 0x0000000085000000| Untracked 
|   3|0x0000000085100000, 0x0000000085100000, 0x0000000085200000|  0%| F|  |TAMS 0x0000000085100000| PB 0x0000000085100000| Untracked 
|   4|0x0000000085200000, 0x0000000085200000, 0x0000000085300000|  0%| F|  |TAMS 0x0000000085200000| PB 0x0000000085200000| Untracked 
|   5|0x0000000085300000, 0x0000000085300000, 0x0000000085400000|  0%| F|  |TAMS 0x0000000085300000| PB 0x0000000085300000| Untracked 
|   6|0x0000000085400000, 0x0000000085400000, 0x0000000085500000|  0%| F|  |TAMS 0x0000000085400000| PB 0x0000000085400000| Untracked 
|   7|0x0000000085500000, 0x0000000085500000, 0x0000000085600000|  0%| F|  |TAMS 0x0000000085500000| PB 0x0000000085500000| Untracked 
|   8|0x0000000085600000, 0x0000000085600000, 0x0000000085700000|  0%| F|  |TAMS 0x0000000085600000| PB 0x0000000085600000| Untracked 
|   9|0x0000000085700000, 0x0000000085700000, 0x0000000085800000|  0%| F|  |TAMS 0x0000000085700000| PB 0x0000000085700000| Untracked 
|  10|0x0000000085800000, 0x0000000085800000, 0x0000000085900000|  0%| F|  |TAMS 0x0000000085800000| PB 0x0000000085800000| Untracked 
|  11|0x0000000085900000, 0x0000000085900000, 0x0000000085a00000|  0%| F|  |TAMS 0x0000000085900000| PB 0x0000000085900000| Untracked 
|  12|0x0000000085a00000, 0x0000000085a00000, 0x0000000085b00000|  0%| F|  |TAMS 0x0000000085a00000| PB 0x0000000085a00000| Untracked 
|  13|0x0000000085b00000, 0x0000000085b00000, 0x0000000085c00000|  0%| F|  |TAMS 0x0000000085b00000| PB 0x0000000085b00000| Untracked 
|  14|0x0000000085c00000, 0x0000000085c00000, 0x0000000085d00000|  0%| F|  |TAMS 0x0000000085c00000| PB 0x0000000085c00000| Untracked 
|  15|0x0000000085d00000, 0x0000000085d00000, 0x0000000085e00000|  0%| F|  |TAMS 0x0000000085d00000| PB 0x0000000085d00000| Untracked 
|  16|0x0000000085e00000, 0x0000000085e00000, 0x0000000085f00000|  0%| F|  |TAMS 0x0000000085e00000| PB 0x0000000085e00000| Untracked 
|  17|0x0000000085f00000, 0x0000000085f00000, 0x0000000086000000|  0%| F|  |TAMS 0x0000000085f00000| PB 0x0000000085f00000| Untracked 
|  18|0x0000000086000000, 0x0000000086000000, 0x0000000086100000|  0%| F|  |TAMS 0x0000000086000000| PB 0x0000000086000000| Untracked 
|  19|0x0000000086100000, 0x0000000086100000, 0x0000000086200000|  0%| F|  |TAMS 0x0000000086100000| PB 0x0000000086100000| Untracked 
|  20|0x0000000086200000, 0x0000000086200000, 0x0000000086300000|  0%| F|  |TAMS 0x0000000086200000| PB 0x0000000086200000| Untracked 
|  21|0x0000000086300000, 0x0000000086300000, 0x0000000086400000|  0%| F|  |TAMS 0x0000000086300000| PB 0x0000000086300000| Untracked 
|  22|0x0000000086400000, 0x0000000086400000, 0x0000000086500000|  0%| F|  |TAMS 0x0000000086400000| PB 0x0000000086400000| Untracked 
|  23|0x0000000086500000, 0x0000000086500000, 0x0000000086600000|  0%| F|  |TAMS 0x0000000086500000| PB 0x0000000086500000| Untracked 
|  24|0x0000000086600000, 0x0000000086600000, 0x0000000086700000|  0%| F|  |TAMS 0x0000000086600000| PB 0x0000000086600000| Untracked 
|  25|0x0000000086700000, 0x0000000086700000, 0x0000000086800000|  0%| F|  |TAMS 0x0000000086700000| PB 0x0000000086700000| Untracked 
|  26|0x0000000086800000, 0x0000000086800000, 0x0000000086900000|  0%| F|  |TAMS 0x0000000086800000| PB 0x0000000086800000| Untracked 
|  27|0x0000000086900000, 0x0000000086900000, 0x0000000086a00000|  0%| F|  |TAMS 0x0000000086900000| PB 0x0000000086900000| Untracked 
|  28|0x0000000086a00000, 0x0000000086a00000, 0x0000000086b00000|  0%| F|  |TAMS 0x0000000086a00000| PB 0x0000000086a00000| Untracked 
|  29|0x0000000086b00000, 0x0000000086b00000, 0x0000000086c00000|  0%| F|  |TAMS 0x0000000086b00000| PB 0x0000000086b00000| Untracked 
|  30|0x0000000086c00000, 0x0000000086c00000, 0x0000000086d00000|  0%| F|  |TAMS 0x0000000086c00000| PB 0x0000000086c00000| Untracked 
|  31|0x0000000086d00000, 0x0000000086d00000, 0x0000000086e00000|  0%| F|  |TAMS 0x0000000086d00000| PB 0x0000000086d00000| Untracked 
|  32|0x0000000086e00000, 0x0000000086e00000, 0x0000000086f00000|  0%| F|  |TAMS 0x0000000086e00000| PB 0x0000000086e00000| Untracked 
|  33|0x0000000086f00000, 0x0000000086f00000, 0x0000000087000000|  0%| F|  |TAMS 0x0000000086f00000| PB 0x0000000086f00000| Untracked 
|  34|0x0000000087000000, 0x0000000087000000, 0x0000000087100000|  0%| F|  |TAMS 0x0000000087000000| PB 0x0000000087000000| Untracked 
|  35|0x0000000087100000, 0x0000000087100000, 0x0000000087200000|  0%| F|  |TAMS 0x0000000087100000| PB 0x0000000087100000| Untracked 
|  36|0x0000000087200000, 0x0000000087200000, 0x0000000087300000|  0%| F|  |TAMS 0x0000000087200000| PB 0x0000000087200000| Untracked 
|  37|0x0000000087300000, 0x0000000087300000, 0x0000000087400000|  0%| F|  |TAMS 0x0000000087300000| PB 0x0000000087300000| Untracked 
|  38|0x0000000087400000, 0x0000000087400000, 0x0000000087500000|  0%| F|  |TAMS 0x0000000087400000| PB 0x0000000087400000| Untracked 
|  39|0x0000000087500000, 0x0000000087500000, 0x0000000087600000|  0%| F|  |TAMS 0x0000000087500000| PB 0x0000000087500000| Untracked 
|  40|0x0000000087600000, 0x0000000087600000, 0x0000000087700000|  0%| F|  |TAMS 0x0000000087600000| PB 0x0000000087600000| Untracked 
|  41|0x0000000087700000, 0x0000000087700000, 0x0000000087800000|  0%| F|  |TAMS 0x0000000087700000| PB 0x0000000087700000| Untracked 
|  42|0x0000000087800000, 0x0000000087800000, 0x0000000087900000|  0%| F|  |TAMS 0x0000000087800000| PB 0x0000000087800000| Untracked 
|  43|0x0000000087900000, 0x0000000087900000, 0x0000000087a00000|  0%| F|  |TAMS 0x0000000087900000| PB 0x0000000087900000| Untracked 
|  44|0x0000000087a00000, 0x0000000087a00000, 0x0000000087b00000|  0%| F|  |TAMS 0x0000000087a00000| PB 0x0000000087a00000| Untracked 
|  45|0x0000000087b00000, 0x0000000087b00000, 0x0000000087c00000|  0%| F|  |TAMS 0x0000000087b00000| PB 0x0000000087b00000| Untracked 
|  46|0x0000000087c00000, 0x0000000087c00000, 0x0000000087d00000|  0%| F|  |TAMS 0x0000000087c00000| PB 0x0000000087c00000| Untracked 
|  47|0x0000000087d00000, 0x0000000087d00000, 0x0000000087e00000|  0%| F|  |TAMS 0x0000000087d00000| PB 0x0000000087d00000| Untracked 
|  48|0x0000000087e00000, 0x0000000087e00000, 0x0000000087f00000|  0%| F|  |TAMS 0x0000000087e00000| PB 0x0000000087e00000| Untracked 
|  49|0x0000000087f00000, 0x0000000087f00000, 0x0000000088000000|  0%| F|  |TAMS 0x0000000087f00000| PB 0x0000000087f00000| Untracked 
|  50|0x0000000088000000, 0x0000000088000000, 0x0000000088100000|  0%| F|  |TAMS 0x0000000088000000| PB 0x0000000088000000| Untracked 
|  51|0x0000000088100000, 0x0000000088100000, 0x0000000088200000|  0%| F|  |TAMS 0x0000000088100000| PB 0x0000000088100000| Untracked 
|  52|0x0000000088200000, 0x0000000088200000, 0x0000000088300000|  0%| F|  |TAMS 0x0000000088200000| PB 0x0000000088200000| Untracked 
|  53|0x0000000088300000, 0x0000000088300000, 0x0000000088400000|  0%| F|  |TAMS 0x0000000088300000| PB 0x0000000088300000| Untracked 
|  54|0x0000000088400000, 0x0000000088400000, 0x0000000088500000|  0%| F|  |TAMS 0x0000000088400000| PB 0x0000000088400000| Untracked 
|  55|0x0000000088500000, 0x0000000088500000, 0x0000000088600000|  0%| F|  |TAMS 0x0000000088500000| PB 0x0000000088500000| Untracked 
|  56|0x0000000088600000, 0x0000000088600000, 0x0000000088700000|  0%| F|  |TAMS 0x0000000088600000| PB 0x0000000088600000| Untracked 
|  57|0x0000000088700000, 0x0000000088700000, 0x0000000088800000|  0%| F|  |TAMS 0x0000000088700000| PB 0x0000000088700000| Untracked 
|  58|0x0000000088800000, 0x0000000088800000, 0x0000000088900000|  0%| F|  |TAMS 0x0000000088800000| PB 0x0000000088800000| Untracked 
|  59|0x0000000088900000, 0x0000000088900000, 0x0000000088a00000|  0%| F|  |TAMS 0x0000000088900000| PB 0x0000000088900000| Untracked 
|  60|0x0000000088a00000, 0x0000000088a00000, 0x0000000088b00000|  0%| F|  |TAMS 0x0000000088a00000| PB 0x0000000088a00000| Untracked 
|  61|0x0000000088b00000, 0x0000000088b00000, 0x0000000088c00000|  0%| F|  |TAMS 0x0000000088b00000| PB 0x0000000088b00000| Untracked 
|  62|0x0000000088c00000, 0x0000000088c00000, 0x0000000088d00000|  0%| F|  |TAMS 0x0000000088c00000| PB 0x0000000088c00000| Untracked 
|  63|0x0000000088d00000, 0x0000000088d00000, 0x0000000088e00000|  0%| F|  |TAMS 0x0000000088d00000| PB 0x0000000088d00000| Untracked 
|  64|0x0000000088e00000, 0x0000000088e00000, 0x0000000088f00000|  0%| F|  |TAMS 0x0000000088e00000| PB 0x0000000088e00000| Untracked 
|  65|0x0000000088f00000, 0x0000000088f00000, 0x0000000089000000|  0%| F|  |TAMS 0x0000000088f00000| PB 0x0000000088f00000| Untracked 
|  66|0x0000000089000000, 0x0000000089000000, 0x0000000089100000|  0%| F|  |TAMS 0x0000000089000000| PB 0x0000000089000000| Untracked 
|  67|0x0000000089100000, 0x0000000089100000, 0x0000000089200000|  0%| F|  |TAMS 0x0000000089100000| PB 0x0000000089100000| Untracked 
|  68|0x0000000089200000, 0x0000000089200000, 0x0000000089300000|  0%| F|  |TAMS 0x0000000089200000| PB 0x0000000089200000| Untracked 
|  69|0x0000000089300000, 0x0000000089300000, 0x0000000089400000|  0%| F|  |TAMS 0x0000000089300000| PB 0x0000000089300000| Untracked 
|  70|0x0000000089400000, 0x0000000089400000, 0x0000000089500000|  0%| F|  |TAMS 0x0000000089400000| PB 0x0000000089400000| Untracked 
|  71|0x0000000089500000, 0x0000000089500000, 0x0000000089600000|  0%| F|  |TAMS 0x0000000089500000| PB 0x0000000089500000| Untracked 
|  72|0x0000000089600000, 0x0000000089600000, 0x0000000089700000|  0%| F|  |TAMS 0x0000000089600000| PB 0x0000000089600000| Untracked 
|  73|0x0000000089700000, 0x0000000089700000, 0x0000000089800000|  0%| F|  |TAMS 0x0000000089700000| PB 0x0000000089700000| Untracked 
|  74|0x0000000089800000, 0x0000000089800000, 0x0000000089900000|  0%| F|  |TAMS 0x0000000089800000| PB 0x0000000089800000| Untracked 
|  75|0x0000000089900000, 0x0000000089900000, 0x0000000089a00000|  0%| F|  |TAMS 0x0000000089900000| PB 0x0000000089900000| Untracked 
|  76|0x0000000089a00000, 0x0000000089a00000, 0x0000000089b00000|  0%| F|  |TAMS 0x0000000089a00000| PB 0x0000000089a00000| Untracked 
|  77|0x0000000089b00000, 0x0000000089b00000, 0x0000000089c00000|  0%| F|  |TAMS 0x0000000089b00000| PB 0x0000000089b00000| Untracked 
|  78|0x0000000089c00000, 0x0000000089c00000, 0x0000000089d00000|  0%| F|  |TAMS 0x0000000089c00000| PB 0x0000000089c00000| Untracked 
|  79|0x0000000089d00000, 0x0000000089d00000, 0x0000000089e00000|  0%| F|  |TAMS 0x0000000089d00000| PB 0x0000000089d00000| Untracked 
|  80|0x0000000089e00000, 0x0000000089e00000, 0x0000000089f00000|  0%| F|  |TAMS 0x0000000089e00000| PB 0x0000000089e00000| Untracked 
|  81|0x0000000089f00000, 0x0000000089f00000, 0x000000008a000000|  0%| F|  |TAMS 0x0000000089f00000| PB 0x0000000089f00000| Untracked 
|  82|0x000000008a000000, 0x000000008a000000, 0x000000008a100000|  0%| F|  |TAMS 0x000000008a000000| PB 0x000000008a000000| Untracked 
|  83|0x000000008a100000, 0x000000008a100000, 0x000000008a200000|  0%| F|  |TAMS 0x000000008a100000| PB 0x000000008a100000| Untracked 
|  84|0x000000008a200000, 0x000000008a200000, 0x000000008a300000|  0%| F|  |TAMS 0x000000008a200000| PB 0x000000008a200000| Untracked 
|  85|0x000000008a300000, 0x000000008a300000, 0x000000008a400000|  0%| F|  |TAMS 0x000000008a300000| PB 0x000000008a300000| Untracked 
|  86|0x000000008a400000, 0x000000008a400000, 0x000000008a500000|  0%| F|  |TAMS 0x000000008a400000| PB 0x000000008a400000| Untracked 
|  87|0x000000008a500000, 0x000000008a500000, 0x000000008a600000|  0%| F|  |TAMS 0x000000008a500000| PB 0x000000008a500000| Untracked 
|  88|0x000000008a600000, 0x000000008a600000, 0x000000008a700000|  0%| F|  |TAMS 0x000000008a600000| PB 0x000000008a600000| Untracked 
|  89|0x000000008a700000, 0x000000008a700000, 0x000000008a800000|  0%| F|  |TAMS 0x000000008a700000| PB 0x000000008a700000| Untracked 
|  90|0x000000008a800000, 0x000000008a800000, 0x000000008a900000|  0%| F|  |TAMS 0x000000008a800000| PB 0x000000008a800000| Untracked 
|  91|0x000000008a900000, 0x000000008a900000, 0x000000008aa00000|  0%| F|  |TAMS 0x000000008a900000| PB 0x000000008a900000| Untracked 
|  92|0x000000008aa00000, 0x000000008aa00000, 0x000000008ab00000|  0%| F|  |TAMS 0x000000008aa00000| PB 0x000000008aa00000| Untracked 
|  93|0x000000008ab00000, 0x000000008ab00000, 0x000000008ac00000|  0%| F|  |TAMS 0x000000008ab00000| PB 0x000000008ab00000| Untracked 
|  94|0x000000008ac00000, 0x000000008ac00000, 0x000000008ad00000|  0%| F|  |TAMS 0x000000008ac00000| PB 0x000000008ac00000| Untracked 
|  95|0x000000008ad00000, 0x000000008ad00000, 0x000000008ae00000|  0%| F|  |TAMS 0x000000008ad00000| PB 0x000000008ad00000| Untracked 
|  96|0x000000008ae00000, 0x000000008ae00000, 0x000000008af00000|  0%| F|  |TAMS 0x000000008ae00000| PB 0x000000008ae00000| Untracked 
|  97|0x000000008af00000, 0x000000008af00000, 0x000000008b000000|  0%| F|  |TAMS 0x000000008af00000| PB 0x000000008af00000| Untracked 
|  98|0x000000008b000000, 0x000000008b000000, 0x000000008b100000|  0%| F|  |TAMS 0x000000008b000000| PB 0x000000008b000000| Untracked 
|  99|0x000000008b100000, 0x000000008b100000, 0x000000008b200000|  0%| F|  |TAMS 0x000000008b100000| PB 0x000000008b100000| Untracked 
| 100|0x000000008b200000, 0x000000008b200000, 0x000000008b300000|  0%| F|  |TAMS 0x000000008b200000| PB 0x000000008b200000| Untracked 
| 101|0x000000008b300000, 0x000000008b300000, 0x000000008b400000|  0%| F|  |TAMS 0x000000008b300000| PB 0x000000008b300000| Untracked 
| 102|0x000000008b400000, 0x000000008b400000, 0x000000008b500000|  0%| F|  |TAMS 0x000000008b400000| PB 0x000000008b400000| Untracked 
| 103|0x000000008b500000, 0x000000008b500000, 0x000000008b600000|  0%| F|  |TAMS 0x000000008b500000| PB 0x000000008b500000| Untracked 
| 104|0x000000008b600000, 0x000000008b600000, 0x000000008b700000|  0%| F|  |TAMS 0x000000008b600000| PB 0x000000008b600000| Untracked 
| 105|0x000000008b700000, 0x000000008b700000, 0x000000008b800000|  0%| F|  |TAMS 0x000000008b700000| PB 0x000000008b700000| Untracked 
| 106|0x000000008b800000, 0x000000008b800000, 0x000000008b900000|  0%| F|  |TAMS 0x000000008b800000| PB 0x000000008b800000| Untracked 
| 107|0x000000008b900000, 0x000000008b976938, 0x000000008ba00000| 46%| E|  |TAMS 0x000000008b900000| PB 0x000000008b900000| Complete 
| 108|0x000000008ba00000, 0x000000008bb00000, 0x000000008bb00000|100%| E|CS|TAMS 0x000000008ba00000| PB 0x000000008ba00000| Complete 
| 109|0x000000008bb00000, 0x000000008bc00000, 0x000000008bc00000|100%| E|CS|TAMS 0x000000008bb00000| PB 0x000000008bb00000| Complete 
| 110|0x000000008bc00000, 0x000000008bd00000, 0x000000008bd00000|100%| E|CS|TAMS 0x000000008bc00000| PB 0x000000008bc00000| Complete 
| 111|0x000000008bd00000, 0x000000008be00000, 0x000000008be00000|100%| E|CS|TAMS 0x000000008bd00000| PB 0x000000008bd00000| Complete 
| 112|0x000000008be00000, 0x000000008bf00000, 0x000000008bf00000|100%| E|CS|TAMS 0x000000008be00000| PB 0x000000008be00000| Complete 
| 113|0x000000008bf00000, 0x000000008c000000, 0x000000008c000000|100%| E|CS|TAMS 0x000000008bf00000| PB 0x000000008bf00000| Complete 
| 114|0x000000008c000000, 0x000000008c100000, 0x000000008c100000|100%| E|CS|TAMS 0x000000008c000000| PB 0x000000008c000000| Complete 
| 115|0x000000008c100000, 0x000000008c200000, 0x000000008c200000|100%| E|CS|TAMS 0x000000008c100000| PB 0x000000008c100000| Complete 
| 116|0x000000008c200000, 0x000000008c300000, 0x000000008c300000|100%| E|CS|TAMS 0x000000008c200000| PB 0x000000008c200000| Complete 
| 117|0x000000008c300000, 0x000000008c400000, 0x000000008c400000|100%| E|  |TAMS 0x000000008c300000| PB 0x000000008c300000| Complete 
| 118|0x000000008c400000, 0x000000008c500000, 0x000000008c500000|100%| E|CS|TAMS 0x000000008c400000| PB 0x000000008c400000| Complete 
| 119|0x000000008c500000, 0x000000008c600000, 0x000000008c600000|100%| E|CS|TAMS 0x000000008c500000| PB 0x000000008c500000| Complete 
| 120|0x000000008c600000, 0x000000008c700000, 0x000000008c700000|100%| E|CS|TAMS 0x000000008c600000| PB 0x000000008c600000| Complete 
| 121|0x000000008c700000, 0x000000008c800000, 0x000000008c800000|100%| E|CS|TAMS 0x000000008c700000| PB 0x000000008c700000| Complete 
| 122|0x000000008c800000, 0x000000008c900000, 0x000000008c900000|100%| E|CS|TAMS 0x000000008c800000| PB 0x000000008c800000| Complete 
| 123|0x000000008c900000, 0x000000008ca00000, 0x000000008ca00000|100%| E|CS|TAMS 0x000000008c900000| PB 0x000000008c900000| Complete 

Card table byte_map: [0x0000029f7b080000,0x0000029f7b460000] _byte_map_base: 0x0000029f7ac59000

Marking Bits: (CMBitMap*) 0x0000029f76ca8c20
 Bits: [0x0000029f7b460000, 0x0000029f7d328000)

Polling page: 0x0000029f74bb0000

Metaspace:

Usage:
  Non-class:     17.30 MB used.
      Class:      1.83 MB used.
       Both:     19.13 MB used.

Virtual space:
  Non-class space:       64.00 MB reserved,      17.38 MB ( 27%) committed,  1 nodes.
      Class space:        1.00 GB reserved,       2.00 MB ( <1%) committed,  1 nodes.
             Both:        1.06 GB reserved,      19.38 MB (  2%) committed. 

Chunk freelists:
   Non-Class:  14.33 MB
       Class:  14.05 MB
        Both:  28.38 MB

MaxMetaspaceSize: unlimited
CompressedClassSpaceSize: 1.00 GB
Initial GC threshold: 21.00 MB
Current GC threshold: 21.00 MB
CDS: off
 - commit_granule_bytes: 65536.
 - commit_granule_words: 8192.
 - virtual_space_node_default_size: 8388608.
 - enlarge_chunks_in_place: 1.
 - use_allocation_guard: 0.


Internal statistics:

num_allocs_failed_limit: 0.
num_arena_births: 154.
num_arena_deaths: 0.
num_vsnodes_births: 2.
num_vsnodes_deaths: 0.
num_space_committed: 310.
num_space_uncommitted: 0.
num_chunks_returned_to_freelist: 0.
num_chunks_taken_from_freelist: 325.
num_chunk_merges: 0.
num_chunk_splits: 189.
num_chunks_enlarged: 112.
num_inconsistent_stats: 0.

CodeHeap 'non-profiled nmethods': size=120000Kb used=367Kb max_used=367Kb free=119632Kb
 bounds [0x0000029f07ad0000, 0x0000029f07d40000, 0x0000029f0f000000]
CodeHeap 'profiled nmethods': size=120000Kb used=1890Kb max_used=1890Kb free=118109Kb
 bounds [0x0000029f00000000, 0x0000029f00270000, 0x0000029f07530000]
CodeHeap 'non-nmethods': size=5760Kb used=1537Kb max_used=1555Kb free=4222Kb
 bounds [0x0000029f07530000, 0x0000029f077a0000, 0x0000029f07ad0000]
 total_blobs=1750 nmethods=1141 adapters=514
 compilation: enabled
              stopped_count=0, restarted_count=0
 full_count=0

Compilation events (20 events):
Event: 0.863 Thread 0x0000029f1308fdd0 nmethod 1128 0x0000029f001cf490 code [0x0000029f001cf940, 0x0000029f001d1ab0]
Event: 0.863 Thread 0x0000029f1308fdd0 1129       3       sun.security.jca.ProviderList::getProvider (22 bytes)
Event: 0.863 Thread 0x0000029f1308fdd0 nmethod 1129 0x0000029f001d2810 code [0x0000029f001d29e0, 0x0000029f001d2bd0]
Event: 0.863 Thread 0x0000029f1308fdd0 1130       3       java.lang.invoke.Invokers::maybeCustomize (5 bytes)
Event: 0.863 Thread 0x0000029f1308fdd0 nmethod 1130 0x0000029f001d2d10 code [0x0000029f001d2ec0, 0x0000029f001d3068]
Event: 0.863 Thread 0x0000029f1308fdd0 1131       3       java.lang.invoke.MethodHandle::maybeCustomize (38 bytes)
Event: 0.864 Thread 0x0000029f1308fdd0 nmethod 1131 0x0000029f001d3110 code [0x0000029f001d32e0, 0x0000029f001d37a8]
Event: 0.864 Thread 0x0000029f1308fdd0 1133       3       sun.security.util.ObjectIdentifier::checkOidSize (86 bytes)
Event: 0.864 Thread 0x0000029f1308fdd0 nmethod 1133 0x0000029f001d3910 code [0x0000029f001d3c00, 0x0000029f001d4878]
Event: 0.864 Thread 0x0000029f1308fdd0 1134       3       sun.security.util.ObjectIdentifier::pack (221 bytes)
Event: 0.864 Thread 0x0000029f1308fdd0 nmethod 1134 0x0000029f001d4d90 code [0x0000029f001d4f80, 0x0000029f001d55a8]
Event: 0.864 Thread 0x0000029f1308fdd0 1132       3       sun.security.util.ObjectIdentifier::checkOtherComponent (41 bytes)
Event: 0.864 Thread 0x0000029f1308fdd0 nmethod 1132 0x0000029f001d5810 code [0x0000029f001d5a60, 0x0000029f001d60e8]
Event: 0.867 Thread 0x0000029f1308fdd0 1138       3       java.lang.invoke.MethodHandle::asTypeUncached (54 bytes)
Event: 0.867 Thread 0x0000029f1308fdd0 nmethod 1138 0x0000029f001d6390 code [0x0000029f001d6660, 0x0000029f001d7118]
Event: 0.867 Thread 0x0000029f1308fdd0 1140       3       java.lang.invoke.InnerClassLambdaMetafactory::getOpcodeOffset (38 bytes)
Event: 0.867 Thread 0x0000029f1308fdd0 nmethod 1140 0x0000029f001d7590 code [0x0000029f001d7760, 0x0000029f001d7a40]
Event: 0.867 Thread 0x0000029f1308fdd0 1139       3       java.lang.invoke.MethodType::isConvertibleTo (164 bytes)
Event: 0.868 Thread 0x0000029f1308fdd0 nmethod 1139 0x0000029f001d7b10 code [0x0000029f001d7d60, 0x0000029f001d86e0]
Event: 0.868 Thread 0x0000029f1308fdd0 1145       3       java.util.ArrayList::indexOfRange (71 bytes)

GC Heap History (0 events):
No events

Dll operation events (9 events):
Event: 0.012 Loaded shared library C:\Users\Subhashini\.p2\pool\plugins\org.eclipse.justj.openjdk.hotspot.jre.full.win32.x86_64_21.0.0.v20231013-1207\jre\bin\java.dll
Event: 0.163 Loaded shared library C:\Users\Subhashini\.p2\pool\plugins\org.eclipse.justj.openjdk.hotspot.jre.full.win32.x86_64_21.0.0.v20231013-1207\jre\bin\zip.dll
Event: 0.269 Loaded shared library C:\Users\Subhashini\.p2\pool\plugins\org.eclipse.justj.openjdk.hotspot.jre.full.win32.x86_64_21.0.0.v20231013-1207\jre\bin\jimage.dll
Event: 0.280 Loaded shared library C:\Users\Subhashini\.p2\pool\plugins\org.eclipse.justj.openjdk.hotspot.jre.full.win32.x86_64_21.0.0.v20231013-1207\jre\bin\net.dll
Event: 0.282 Loaded shared library C:\Users\Subhashini\.p2\pool\plugins\org.eclipse.justj.openjdk.hotspot.jre.full.win32.x86_64_21.0.0.v20231013-1207\jre\bin\nio.dll
Event: 0.289 Loaded shared library C:\Users\Subhashini\.p2\pool\plugins\org.eclipse.justj.openjdk.hotspot.jre.full.win32.x86_64_21.0.0.v20231013-1207\jre\bin\zip.dll
Event: 0.305 Loaded shared library C:\Users\Subhashini\.p2\pool\plugins\org.eclipse.justj.openjdk.hotspot.jre.full.win32.x86_64_21.0.0.v20231013-1207\jre\bin\awt.dll
Event: 0.599 Loaded shared library C:\Users\Subhashini\.p2\pool\plugins\org.eclipse.justj.openjdk.hotspot.jre.full.win32.x86_64_21.0.0.v20231013-1207\jre\bin\extnet.dll
Event: 0.847 Loaded shared library C:\Users\Subhashini\.p2\pool\plugins\org.eclipse.justj.openjdk.hotspot.jre.full.win32.x86_64_21.0.0.v20231013-1207\jre\bin\sunmscapi.dll

Deoptimization events (20 events):
Event: 0.471 Thread 0x0000029f749799f0 DEOPT PACKING pc=0x0000029f0001e119 sp=0x000000c0ce7fae30
Event: 0.471 Thread 0x0000029f749799f0 DEOPT UNPACKING pc=0x0000029f07584e42 sp=0x000000c0ce7fa250 mode 0
Event: 0.492 Thread 0x0000029f749799f0 DEOPT PACKING pc=0x0000029f000165e1 sp=0x000000c0ce7fbee0
Event: 0.492 Thread 0x0000029f749799f0 DEOPT UNPACKING pc=0x0000029f07584e42 sp=0x000000c0ce7fb348 mode 0
Event: 0.615 Thread 0x0000029f749799f0 DEOPT PACKING pc=0x0000029f000d1bce sp=0x000000c0ce7fe2c0
Event: 0.615 Thread 0x0000029f749799f0 DEOPT UNPACKING pc=0x0000029f07584e42 sp=0x000000c0ce7fd760 mode 0
Event: 0.817 Thread 0x0000029f749799f0 DEOPT PACKING pc=0x0000029f0019ed8a sp=0x000000c0ce7fd880
Event: 0.817 Thread 0x0000029f749799f0 DEOPT UNPACKING pc=0x0000029f07584e42 sp=0x000000c0ce7fccb8 mode 0
Event: 0.837 Thread 0x0000029f749799f0 Uncommon trap: trap_request=0xffffff45 fr.pc=0x0000029f07b260ac relative=0x000000000000008c
Event: 0.837 Thread 0x0000029f749799f0 Uncommon trap: reason=unstable_if action=reinterpret pc=0x0000029f07b260ac method=jdk.internal.misc.Unsafe.convEndian(ZI)I @ 4 c2
Event: 0.837 Thread 0x0000029f749799f0 DEOPT PACKING pc=0x0000029f07b260ac sp=0x000000c0ce7fc430
Event: 0.837 Thread 0x0000029f749799f0 DEOPT UNPACKING pc=0x0000029f075846a2 sp=0x000000c0ce7fc360 mode 2
Event: 0.851 Thread 0x0000029f749799f0 Uncommon trap: trap_request=0xffffff45 fr.pc=0x0000029f07b1df38 relative=0x00000000000001f8
Event: 0.851 Thread 0x0000029f749799f0 Uncommon trap: reason=unstable_if action=reinterpret pc=0x0000029f07b1df38 method=java.util.HashMap.putVal(ILjava/lang/Object;Ljava/lang/Object;ZZ)Ljava/lang/Object; @ 162 c2
Event: 0.851 Thread 0x0000029f749799f0 DEOPT PACKING pc=0x0000029f07b1df38 sp=0x000000c0ce7fc630
Event: 0.851 Thread 0x0000029f749799f0 DEOPT UNPACKING pc=0x0000029f075846a2 sp=0x000000c0ce7fc5d0 mode 2
Event: 0.859 Thread 0x0000029f749799f0 Uncommon trap: trap_request=0xffffff45 fr.pc=0x0000029f07af01b0 relative=0x0000000000000190
Event: 0.859 Thread 0x0000029f749799f0 Uncommon trap: reason=unstable_if action=reinterpret pc=0x0000029f07af01b0 method=jdk.internal.util.ArraysSupport.vectorizedHashCode(Ljava/lang/Object;IIII)I @ 2 c2
Event: 0.859 Thread 0x0000029f749799f0 DEOPT PACKING pc=0x0000029f07af01b0 sp=0x000000c0ce7fc600
Event: 0.859 Thread 0x0000029f749799f0 DEOPT UNPACKING pc=0x0000029f075846a2 sp=0x000000c0ce7fc5b0 mode 2

Classes loaded (20 events):
Event: 0.864 Loading class sun/security/ssl/SessionId
Event: 0.864 Loading class sun/security/ssl/SessionId done
Event: 0.864 Loading class java/util/Collections$UnmodifiableList
Event: 0.864 Loading class java/util/Collections$UnmodifiableList done
Event: 0.864 Loading class java/util/Collections$UnmodifiableRandomAccessList
Event: 0.864 Loading class java/util/Collections$UnmodifiableRandomAccessList done
Event: 0.865 Loading class java/util/stream/ReferencePipeline$2
Event: 0.865 Loading class java/util/stream/ReferencePipeline$2 done
Event: 0.865 Loading class java/util/stream/ReferencePipeline$2$1
Event: 0.865 Loading class java/util/stream/ReferencePipeline$2$1 done
Event: 0.866 Loading class java/util/stream/FindOps
Event: 0.866 Loading class java/util/stream/FindOps done
Event: 0.866 Loading class java/util/stream/FindOps$FindSink$OfRef
Event: 0.866 Loading class java/util/stream/FindOps$FindSink
Event: 0.866 Loading class java/util/stream/FindOps$FindSink done
Event: 0.866 Loading class java/util/stream/FindOps$FindSink$OfRef done
Event: 0.866 Loading class java/util/stream/FindOps$FindOp
Event: 0.866 Loading class java/util/stream/FindOps$FindOp done
Event: 0.868 Loading class sun/security/ssl/ClientHandshakeContext
Event: 0.868 Loading class sun/security/ssl/HandshakeContext

Classes unloaded (0 events):
No events

Classes redefined (0 events):
No events

Internal exceptions (17 events):
Event: 0.296 Thread 0x0000029f749799f0 Exception <a 'java/lang/ClassNotFoundException'{0x000000008c8ecd18}: sun/awt/resources/spi/awtProvider> (0x000000008c8ecd18) 
thrown [s\src\hotspot\share\classfile\systemDictionary.cpp, line 312]
Event: 0.314 Thread 0x0000029f749799f0 Exception <a 'java/io/FileNotFoundException'{0x000000008c748d28}> (0x000000008c748d28) 
thrown [s\src\hotspot\share\prims\jni.cpp, line 520]
Event: 0.319 Thread 0x0000029f749799f0 Exception <a 'java/io/FileNotFoundException'{0x000000008c772d28}> (0x000000008c772d28) 
thrown [s\src\hotspot\share\prims\jni.cpp, line 520]
Event: 0.396 Thread 0x0000029f749799f0 Exception <a 'java/lang/NoSuchMethodError'{0x000000008c50dd18}: 'void java.lang.invoke.DirectMethodHandle$Holder.invokeSpecial(java.lang.Object, java.lang.Object, java.lang.Object)'> (0x000000008c50dd18) 
thrown [s\src\hotspot\share\interpreter\linkResolver.cpp, line 773]
Event: 0.402 Thread 0x0000029f749799f0 Exception <a 'java/lang/NoSuchMethodError'{0x000000008c533860}: 'java.lang.Object java.lang.invoke.DirectMethodHandle$Holder.newInvokeSpecial(java.lang.Object, java.lang.Object, java.lang.Object, java.lang.Object, java.lang.Object)'> (0x000000008c533860) 
thrown [s\src\hotspot\share\interpreter\linkResolver.cpp, line 773]
Event: 0.407 Thread 0x0000029f749799f0 Exception <a 'java/lang/NoSuchMethodError'{0x000000008c55f3e8}: 'java.lang.Object java.lang.invoke.DirectMethodHandle$Holder.invokeStatic(java.lang.Object, int, java.lang.Object)'> (0x000000008c55f3e8) 
thrown [s\src\hotspot\share\interpreter\linkResolver.cpp, line 773]
Event: 0.427 Thread 0x0000029f749799f0 Exception <a 'java/lang/ClassNotFoundException'{0x000000008c5fedf8}: com/sun/swing/internal/plaf/metal/resources/spi/metalProvider> (0x000000008c5fedf8) 
thrown [s\src\hotspot\share\classfile\systemDictionary.cpp, line 312]
Event: 0.427 Thread 0x0000029f749799f0 Exception <a 'java/lang/ClassNotFoundException'{0x000000008c4031d0}: com/sun/swing/internal/plaf/basic/resources/spi/basicProvider> (0x000000008c4031d0) 
thrown [s\src\hotspot\share\classfile\systemDictionary.cpp, line 312]
Event: 0.437 Thread 0x0000029f749799f0 Exception <a 'java/lang/NoSuchMethodError'{0x000000008c422bf0}: 'int java.lang.invoke.Invokers$Holder.invokeExact_MT(java.lang.Object, java.lang.Object)'> (0x000000008c422bf0) 
thrown [s\src\hotspot\share\interpreter\linkResolver.cpp, line 773]
Event: 0.462 Thread 0x0000029f749799f0 Exception <a 'java/lang/NoSuchMethodError'{0x000000008c492568}: 'void java.lang.invoke.DirectMethodHandle$Holder.invokeStatic(java.lang.Object, java.lang.Object)'> (0x000000008c492568) 
thrown [s\src\hotspot\share\interpreter\linkResolver.cpp, line 773]
Event: 0.488 Thread 0x0000029f749799f0 Exception <a 'java/lang/NoSuchMethodError'{0x000000008c341530}: 'java.lang.Object java.lang.invoke.DirectMethodHandle$Holder.invokeInterface(java.lang.Object, java.lang.Object)'> (0x000000008c341530) 
thrown [s\src\hotspot\share\interpreter\linkResolver.cpp, line 773]
Event: 0.509 Thread 0x0000029f749799f0 Exception <a 'java/lang/NoSuchMethodError'{0x000000008c3b8e50}: 'void java.lang.invoke.DirectMethodHandle$Holder.invokeStatic(java.lang.Object, java.lang.Object, java.lang.Object)'> (0x000000008c3b8e50) 
thrown [s\src\hotspot\share\interpreter\linkResolver.cpp, line 773]
Event: 0.510 Thread 0x0000029f749799f0 Exception <a 'java/lang/NoSuchMethodError'{0x000000008c3c1f18}: 'java.lang.Object java.lang.invoke.DirectMethodHandle$Holder.invokeVirtual(java.lang.Object, java.lang.Object, java.lang.Object)'> (0x000000008c3c1f18) 
thrown [s\src\hotspot\share\interpreter\linkResolver.cpp, line 773]
Event: 0.660 Thread 0x0000029f749799f0 Exception <a 'java/lang/NoSuchMethodError'{0x000000008bd2daf8}: 'void java.lang.invoke.DirectMethodHandle$Holder.invokeStaticInit(java.lang.Object, java.lang.Object)'> (0x000000008bd2daf8) 
thrown [s\src\hotspot\share\interpreter\linkResolver.cpp, line 773]
Event: 0.760 Thread 0x0000029f749799f0 Exception <a 'sun/nio/fs/WindowsException'{0x000000008bc73a28}> (0x000000008bc73a28) 
thrown [s\src\hotspot\share\prims\jni.cpp, line 520]
Event: 0.805 Thread 0x0000029f749799f0 Exception <a 'java/lang/NoSuchMethodError'{0x000000008bb40eb0}: 'java.lang.Object java.lang.invoke.DirectMethodHandle$Holder.invokeStaticInit(java.lang.Object, int, int, int, int)'> (0x000000008bb40eb0) 
thrown [s\src\hotspot\share\interpreter\linkResolver.cpp, line 773]
Event: 0.822 Thread 0x0000029f749799f0 Exception <a 'java/lang/NoSuchMethodError'{0x000000008ba1f558}: 'java.lang.Object java.lang.invoke.DirectMethodHandle$Holder.invokeStaticInit(java.lang.Object, java.lang.Object, int, int, int, int)'> (0x000000008ba1f558) 
thrown [s\src\hotspot\share\interpreter\linkResolver.cpp, line 773]

ZGC Phase Switch (0 events):
No events

VM Operations (8 events):
Event: 0.426 Executing VM operation: HandshakeAllThreads (Deoptimize)
Event: 0.426 Executing VM operation: HandshakeAllThreads (Deoptimize) done
Event: 0.439 Executing VM operation: HandshakeAllThreads (Deoptimize)
Event: 0.439 Executing VM operation: HandshakeAllThreads (Deoptimize) done
Event: 0.450 Executing VM operation: HandshakeAllThreads (Deoptimize)
Event: 0.450 Executing VM operation: HandshakeAllThreads (Deoptimize) done
Event: 0.774 Executing VM operation: HandshakeAllThreads (Deoptimize)
Event: 0.774 Executing VM operation: HandshakeAllThreads (Deoptimize) done

Events (15 events):
Event: 0.162 Thread 0x0000029f749799f0 Thread added: 0x0000029f749799f0
Event: 0.208 Thread 0x0000029f13078ba0 Thread added: 0x0000029f13078ba0
Event: 0.208 Thread 0x0000029f1307c620 Thread added: 0x0000029f1307c620
Event: 0.209 Thread 0x0000029f1307d080 Thread added: 0x0000029f1307d080
Event: 0.209 Thread 0x0000029f1305b860 Thread added: 0x0000029f1305b860
Event: 0.209 Thread 0x0000029f1304a740 Thread added: 0x0000029f1304a740
Event: 0.209 Thread 0x0000029f13048670 Thread added: 0x0000029f13048670
Event: 0.209 Thread 0x0000029f1305ee00 Thread added: 0x0000029f1305ee00
Event: 0.209 Thread 0x0000029f1308fdd0 Thread added: 0x0000029f1308fdd0
Event: 0.235 Thread 0x0000029f13048d00 Thread added: 0x0000029f13048d00
Event: 0.239 Thread 0x0000029f13047950 Thread added: 0x0000029f13047950
Event: 0.362 Thread 0x0000029f13047fe0 Thread added: 0x0000029f13047fe0
Event: 0.363 Thread 0x0000029f1304add0 Thread added: 0x0000029f1304add0
Event: 0.365 Thread 0x0000029f13049390 Thread added: 0x0000029f13049390
Event: 0.463 Thread 0x0000029f13049a20 Thread added: 0x0000029f13049a20


Dynamic libraries:
0x00007ff701f70000 - 0x00007ff701f7e000 	C:\Users\Subhashini\.p2\pool\plugins\org.eclipse.justj.openjdk.hotspot.jre.full.win32.x86_64_21.0.0.v20231013-1207\jre\bin\javaw.exe
0x00007ffa832f0000 - 0x00007ffa83507000 	C:\WINDOWS\SYSTEM32\ntdll.dll
0x00007ffa81690000 - 0x00007ffa81754000 	C:\WINDOWS\System32\KERNEL32.DLL
0x00007ffa80750000 - 0x00007ffa80af6000 	C:\WINDOWS\System32\KERNELBASE.dll
0x00007ffa80f20000 - 0x00007ffa81031000 	C:\WINDOWS\System32\ucrtbase.dll
0x00007ffa6a4a0000 - 0x00007ffa6a4b8000 	C:\Users\Subhashini\.p2\pool\plugins\org.eclipse.justj.openjdk.hotspot.jre.full.win32.x86_64_21.0.0.v20231013-1207\jre\bin\jli.dll
0x00007ffa6a4c0000 - 0x00007ffa6a4db000 	C:\Users\Subhashini\.p2\pool\plugins\org.eclipse.justj.openjdk.hotspot.jre.full.win32.x86_64_21.0.0.v20231013-1207\jre\bin\VCRUNTIME140.dll
0x00007ffa827f0000 - 0x00007ffa8299e000 	C:\WINDOWS\System32\USER32.dll
0x00007ffa80660000 - 0x00007ffa80686000 	C:\WINDOWS\System32\win32u.dll
0x00007ffa81760000 - 0x00007ffa81789000 	C:\WINDOWS\System32\GDI32.dll
0x00007ffa5d670000 - 0x00007ffa5d903000 	C:\WINDOWS\WinSxS\amd64_microsoft.windows.common-controls_6595b64144ccf1df_6.0.22621.2506_none_270c5ae97388e100\COMCTL32.dll
0x00007ffa80e00000 - 0x00007ffa80f18000 	C:\WINDOWS\System32\gdi32full.dll
0x00007ffa80d60000 - 0x00007ffa80dfa000 	C:\WINDOWS\System32\msvcp_win.dll
0x00007ffa81480000 - 0x00007ffa81527000 	C:\WINDOWS\System32\msvcrt.dll
0x00007ffa81440000 - 0x00007ffa81471000 	C:\WINDOWS\System32\IMM32.DLL
0x00007ffa6a490000 - 0x00007ffa6a49c000 	C:\Users\Subhashini\.p2\pool\plugins\org.eclipse.justj.openjdk.hotspot.jre.full.win32.x86_64_21.0.0.v20231013-1207\jre\bin\vcruntime140_1.dll
0x00007ffa49e90000 - 0x00007ffa49f1e000 	C:\Users\Subhashini\.p2\pool\plugins\org.eclipse.justj.openjdk.hotspot.jre.full.win32.x86_64_21.0.0.v20231013-1207\jre\bin\msvcp140.dll
0x00007ffa24760000 - 0x00007ffa254df000 	C:\Users\Subhashini\.p2\pool\plugins\org.eclipse.justj.openjdk.hotspot.jre.full.win32.x86_64_21.0.0.v20231013-1207\jre\bin\server\jvm.dll
0x00007ffa83000000 - 0x00007ffa830b1000 	C:\WINDOWS\System32\ADVAPI32.dll
0x00007ffa83130000 - 0x00007ffa831d5000 	C:\WINDOWS\System32\sechost.dll
0x00007ffa82ed0000 - 0x00007ffa82fe7000 	C:\WINDOWS\System32\RPCRT4.dll
0x00007ffa82760000 - 0x00007ffa827d1000 	C:\WINDOWS\System32\WS2_32.dll
0x00007ffa80530000 - 0x00007ffa8057d000 	C:\WINDOWS\SYSTEM32\POWRPROF.dll
0x00007ffa7e010000 - 0x00007ffa7e044000 	C:\WINDOWS\SYSTEM32\WINMM.dll
0x00007ffa6dbd0000 - 0x00007ffa6dbda000 	C:\WINDOWS\SYSTEM32\VERSION.dll
0x00007ffa80360000 - 0x00007ffa80373000 	C:\WINDOWS\SYSTEM32\UMPDC.dll
0x00007ffa7f620000 - 0x00007ffa7f638000 	C:\WINDOWS\SYSTEM32\kernel.appcore.dll
0x00007ffa7b890000 - 0x00007ffa7b89a000 	C:\Users\Subhashini\.p2\pool\plugins\org.eclipse.justj.openjdk.hotspot.jre.full.win32.x86_64_21.0.0.v20231013-1207\jre\bin\jimage.dll
0x00007ffa7dd90000 - 0x00007ffa7dfc3000 	C:\WINDOWS\SYSTEM32\DBGHELP.DLL
0x00007ffa82b40000 - 0x00007ffa82ec9000 	C:\WINDOWS\System32\combase.dll
0x00007ffa81040000 - 0x00007ffa81117000 	C:\WINDOWS\System32\OLEAUT32.dll
0x00007ffa7dd50000 - 0x00007ffa7dd82000 	C:\WINDOWS\SYSTEM32\dbgcore.DLL
0x00007ffa80c70000 - 0x00007ffa80cea000 	C:\WINDOWS\System32\bcryptPrimitives.dll
0x00007ffa7b010000 - 0x00007ffa7b02f000 	C:\Users\Subhashini\.p2\pool\plugins\org.eclipse.justj.openjdk.hotspot.jre.full.win32.x86_64_21.0.0.v20231013-1207\jre\bin\java.dll
0x00007ffa6ae70000 - 0x00007ffa6ae88000 	C:\Users\Subhashini\.p2\pool\plugins\org.eclipse.justj.openjdk.hotspot.jre.full.win32.x86_64_21.0.0.v20231013-1207\jre\bin\zip.dll
0x00007ffa81c10000 - 0x00007ffa8246a000 	C:\WINDOWS\System32\SHELL32.dll
0x00007ffa7e530000 - 0x00007ffa7ee26000 	C:\WINDOWS\SYSTEM32\windows.storage.dll
0x00007ffa7e3f0000 - 0x00007ffa7e52e000 	C:\WINDOWS\SYSTEM32\wintypes.dll
0x00007ffa812e0000 - 0x00007ffa813d3000 	C:\WINDOWS\System32\SHCORE.dll
0x00007ffa813e0000 - 0x00007ffa8143e000 	C:\WINDOWS\System32\shlwapi.dll
0x00007ffa80590000 - 0x00007ffa805b6000 	C:\WINDOWS\SYSTEM32\profapi.dll
0x00007ffa7b080000 - 0x00007ffa7b090000 	C:\Users\Subhashini\.p2\pool\plugins\org.eclipse.justj.openjdk.hotspot.jre.full.win32.x86_64_21.0.0.v20231013-1207\jre\bin\net.dll
0x00007ffa79640000 - 0x00007ffa79777000 	C:\WINDOWS\SYSTEM32\WINHTTP.dll
0x00007ffa7fa90000 - 0x00007ffa7faf9000 	C:\WINDOWS\system32\mswsock.dll
0x00007ffa6adf0000 - 0x00007ffa6ae06000 	C:\Users\Subhashini\.p2\pool\plugins\org.eclipse.justj.openjdk.hotspot.jre.full.win32.x86_64_21.0.0.v20231013-1207\jre\bin\nio.dll
0x00007ffa3d400000 - 0x00007ffa3d58d000 	C:\Users\Subhashini\.p2\pool\plugins\org.eclipse.justj.openjdk.hotspot.jre.full.win32.x86_64_21.0.0.v20231013-1207\jre\bin\awt.dll
0x00007ffa7d1c0000 - 0x00007ffa7d257000 	C:\WINDOWS\SYSTEM32\apphelp.dll
0x00007ffa7d7e0000 - 0x00007ffa7d80b000 	C:\WINDOWS\system32\DWMAPI.DLL
0x00007ffa7d590000 - 0x00007ffa7d63b000 	C:\WINDOWS\system32\uxtheme.dll
0x00007ffa3ff70000 - 0x00007ffa40070000 	C:\WINDOWS\system32\opengl32.dll
0x00007ffa68860000 - 0x00007ffa6888d000 	C:\WINDOWS\SYSTEM32\GLU32.dll
0x00007ffa7d690000 - 0x00007ffa7d6c6000 	C:\WINDOWS\SYSTEM32\dxcore.dll
0x00007ffa81540000 - 0x00007ffa81690000 	C:\WINDOWS\System32\MSCTF.dll
0x00007ffa829a0000 - 0x00007ffa82b40000 	C:\WINDOWS\System32\ole32.dll
0x00007ffa7f150000 - 0x00007ffa7f249000 	C:\WINDOWS\SYSTEM32\DNSAPI.dll
0x00007ffa7f0d0000 - 0x00007ffa7f0fd000 	C:\WINDOWS\SYSTEM32\IPHLPAPI.DLL
0x00007ffa825c0000 - 0x00007ffa825c9000 	C:\WINDOWS\System32\NSI.dll
0x00007ffa724f0000 - 0x00007ffa724fa000 	C:\Windows\System32\rasadhlp.dll
0x00007ffa742f0000 - 0x00007ffa74373000 	C:\WINDOWS\System32\fwpuclnt.dll
0x00007ffa6a5a0000 - 0x00007ffa6a5a7000 	C:\Users\Subhashini\.p2\pool\plugins\org.eclipse.justj.openjdk.hotspot.jre.full.win32.x86_64_21.0.0.v20231013-1207\jre\bin\extnet.dll
0x00007ffa7fde0000 - 0x00007ffa7fdfb000 	C:\WINDOWS\SYSTEM32\CRYPTSP.dll
0x00007ffa7f580000 - 0x00007ffa7f5b5000 	C:\WINDOWS\system32\rsaenh.dll
0x00007ffa7fb30000 - 0x00007ffa7fb5c000 	C:\WINDOWS\SYSTEM32\USERENV.dll
0x00007ffa7ff00000 - 0x00007ffa7ff28000 	C:\WINDOWS\SYSTEM32\bcrypt.dll
0x00007ffa7fdc0000 - 0x00007ffa7fdcc000 	C:\WINDOWS\SYSTEM32\CRYPTBASE.dll
0x00007ffa6aeb0000 - 0x00007ffa6aebe000 	C:\Users\Subhashini\.p2\pool\plugins\org.eclipse.justj.openjdk.hotspot.jre.full.win32.x86_64_21.0.0.v20231013-1207\jre\bin\sunmscapi.dll
0x00007ffa80b00000 - 0x00007ffa80c66000 	C:\WINDOWS\System32\CRYPT32.dll
0x00007ffa7fed0000 - 0x00007ffa7fefd000 	C:\WINDOWS\SYSTEM32\ncrypt.dll
0x00007ffa7fe90000 - 0x00007ffa7fec7000 	C:\WINDOWS\SYSTEM32\NTASN1.dll

dbghelp: loaded successfully - version: 4.0.5 - missing functions: none
symbol engine: initialized successfully - sym options: 0x614 - pdb path: .;C:\Users\Subhashini\.p2\pool\plugins\org.eclipse.justj.openjdk.hotspot.jre.full.win32.x86_64_21.0.0.v20231013-1207\jre\bin;C:\WINDOWS\SYSTEM32;C:\WINDOWS\WinSxS\amd64_microsoft.windows.common-controls_6595b64144ccf1df_6.0.22621.2506_none_270c5ae97388e100;C:\Users\Subhashini\.p2\pool\plugins\org.eclipse.justj.openjdk.hotspot.jre.full.win32.x86_64_21.0.0.v20231013-1207\jre\bin\server

VM Arguments:
jvm_args: -Dfile.encoding=UTF-8 -Dstdout.encoding=UTF-8 -Dstderr.encoding=UTF-8 -XX:+ShowCodeDetailsInExceptionMessages 
java_command: bankManagementSystem.BalanceEnquiry
java_class_path (initial): C:\Users\Subhashini\eclipse-workspace\bankManagementSystem\bin;C:\Users\Subhashini\Downloads\jcalendar-1.4\lib\jcalendar-1.4.jar;C:\Users\Subhashini\Downloads\mysql-connector-java-8.0.28.jar
Launcher Type: SUN_STANDARD

[Global flags]
     intx CICompilerCount                          = 4                                         {product} {ergonomic}
     uint ConcGCThreads                            = 3                                         {product} {ergonomic}
     uint G1ConcRefinementThreads                  = 10                                        {product} {ergonomic}
   size_t G1HeapRegionSize                         = 1048576                                   {product} {ergonomic}
    uintx GCDrainStackTargetSize                   = 64                                        {product} {ergonomic}
   size_t InitialHeapSize                          = 130023424                                 {product} {ergonomic}
   size_t MarkStackSize                            = 4194304                                   {product} {ergonomic}
   size_t MaxHeapSize                              = 2065694720                                {product} {ergonomic}
   size_t MaxNewSize                               = 1239416832                                {product} {ergonomic}
   size_t MinHeapDeltaBytes                        = 1048576                                   {product} {ergonomic}
   size_t MinHeapSize                              = 8388608                                   {product} {ergonomic}
    uintx NonNMethodCodeHeapSize                   = 5839372                                {pd product} {ergonomic}
    uintx NonProfiledCodeHeapSize                  = 122909434                              {pd product} {ergonomic}
    uintx ProfiledCodeHeapSize                     = 122909434                              {pd product} {ergonomic}
    uintx ReservedCodeCacheSize                    = 251658240                              {pd product} {ergonomic}
     bool SegmentedCodeCache                       = true                                      {product} {ergonomic}
     bool ShowCodeDetailsInExceptionMessages       = true                                   {manageable} {command line}
   size_t SoftMaxHeapSize                          = 2065694720                             {manageable} {ergonomic}
     bool UseCompressedOops                        = true                           {product lp64_product} {ergonomic}
     bool UseG1GC                                  = true                                      {product} {ergonomic}
     bool UseLargePagesIndividualAllocation        = false                                  {pd product} {ergonomic}

Logging:
Log output configuration:
 #0: stdout all=warning uptime,level,tags foldmultilines=false
 #1: stderr all=off uptime,level,tags foldmultilines=false

Environment Variables:
PATH=C:/Users/Subhashini/.p2/pool/plugins/org.eclipse.justj.openjdk.hotspot.jre.full.win32.x86_64_21.0.0.v20231013-1207/jre/bin/server;C:/Users/Subhashini/.p2/pool/plugins/org.eclipse.justj.openjdk.hotspot.jre.full.win32.x86_64_21.0.0.v20231013-1207/jre/bin;C:\Program Files\Common Files\Oracle\Java\javapath;C:\WINDOWS\system32;C:\WINDOWS;C:\WINDOWS\System32\Wbem;C:\WINDOWS\System32\WindowsPowerShell\v1.0\;C:\WINDOWS\System32\OpenSSH\;C:\Program Files\dotnet\;C:\Program Files\Microsoft SQL Server\150\Tools\Binn\;C:\Program Files\Microsoft SQL Server\Client SDK\ODBC\170\Tools\Binn\;C:\Program Files (x86)\Microsoft SQL Server\160\DTS\Binn\;C:\Program Files\Azure Data Studio\bin;C:\Program Files\Git\cmd;C:\Program Files\nodejs\;C:\Program Files\MySQL\MySQL Shell 8.0\bin\;C:\Users\Subhashini\AppData\Local\Microsoft\WindowsApps;C:\Users\Subhashini\AppData\Local\Programs\Microsoft VS Code\bin;C:\msys64\mingw64\bin;C:\Users\Subhashini\.dotnet\tools;C:\Program Files\Azure Data Studio\bin;C:\Users\Subhashini\AppData\Roaming\npm;C:\Users\Subhashini\Desktop;
USERNAME=Subhashini
OS=Windows_NT
PROCESSOR_IDENTIFIER=Intel64 Family 6 Model 154 Stepping 4, GenuineIntel
TMP=C:\Users\SUBHAS~1\AppData\Local\Temp
TEMP=C:\Users\SUBHAS~1\AppData\Local\Temp




---------------  S Y S T E M  ---------------

OS:
 Windows 11 , 64 bit Build 22621 (10.0.22621.2506)
OS uptime: 1 days 11:44 hours
Hyper-V role detected

CPU: total 12 (initial active 12) (6 cores per cpu, 2 threads per core) family 6 model 154 stepping 4 microcode 0x42a, cx8, cmov, fxsr, ht, mmx, 3dnowpref, sse, sse2, sse3, ssse3, sse4.1, sse4.2, popcnt, lzcnt, tsc, tscinvbit, avx, avx2, aes, erms, clmul, bmi1, bmi2, adx, sha, fma, vzeroupper, clflush, clflushopt, clwb, hv, serialize, rdtscp, rdpid, fsrm, f16c, cet_ibt, cet_ss
Processor Information for processor 0
  Max Mhz: 1300, Current Mhz: 1300, Mhz Limit: 1300
Processor Information for processor 1
  Max Mhz: 1300, Current Mhz: 1300, Mhz Limit: 1300
Processor Information for processor 2
  Max Mhz: 1300, Current Mhz: 1300, Mhz Limit: 1300
Processor Information for processor 3
  Max Mhz: 1300, Current Mhz: 1300, Mhz Limit: 1300
Processor Information for processor 4
  Max Mhz: 1300, Current Mhz: 900, Mhz Limit: 897
Processor Information for processor 5
  Max Mhz: 1300, Current Mhz: 900, Mhz Limit: 897
Processor Information for processor 6
  Max Mhz: 1300, Current Mhz: 900, Mhz Limit: 897
Processor Information for processor 7
  Max Mhz: 1300, Current Mhz: 900, Mhz Limit: 897
Processor Information for processor 8
  Max Mhz: 1300, Current Mhz: 900, Mhz Limit: 897
Processor Information for processor 9
  Max Mhz: 1300, Current Mhz: 900, Mhz Limit: 897
Processor Information for processor 10
  Max Mhz: 1300, Current Mhz: 900, Mhz Limit: 897
Processor Information for processor 11
  Max Mhz: 1300, Current Mhz: 900, Mhz Limit: 897

Memory: 4k page, system-wide physical 7876M (236M free)
TotalPageFile size 32452M (AvailPageFile size 1M)
current process WorkingSet (physical memory assigned to process): 82M, peak: 82M
current process commit charge ("private bytes"): 226M, peak: 227M

vm_info: OpenJDK 64-Bit Server VM (21+35-LTS) for windows-amd64 JRE (21+35-LTS), built on 2023-09-19T00:00:00Z by "admin" with unknown MS VC++:1937

END.
