#
# There is insufficient memory for the Java Runtime Environment to continue.
# Native memory allocation (mmap) failed to map 130023424 bytes for G1 virtual space
# Possible reasons:
#   The system is out of physical RAM or swap space
#   The process is running with CompressedOops enabled, and the Java Heap may be blocking the growth of the native heap
# Possible solutions:
#   Reduce memory load on the system
#   Increase physical memory or swap space
#   Check if swap backing store is full
#   Decrease Java heap size (-Xmx/-Xms)
#   Decrease number of Java threads
#   Decrease Java thread stack sizes (-Xss)
#   Set larger code cache with -XX:ReservedCodeCacheSize=
#   JVM is running with Unscaled Compressed Oops mode in which the Java heap is
#     placed in the first 4GB address space. The Java Heap base address is the
#     maximum limit for the native heap growth. Please use -XX:HeapBaseMinAddress
#     to set the Java Heap base and to place the Java Heap above 4GB virtual address.
# This output file may be truncated or incomplete.
#
#  Out of Memory Error (os_windows.cpp:3600), pid=24956, tid=30148
#
# JRE version:  (21.0+35) (build )
# Java VM: OpenJDK 64-Bit Server VM (21+35-LTS, mixed mode, sharing, tiered, compressed oops, compressed class ptrs, g1 gc, windows-amd64)
# No core dump will be written. Minidumps are not enabled by default on client versions of Windows
#

---------------  S U M M A R Y ------------

Command Line: -Dfile.encoding=UTF-8 -Dstdout.encoding=UTF-8 -Dstderr.encoding=UTF-8 -XX:+ShowCodeDetailsInExceptionMessages bankManagementSystem.Transactions

Host: 12th Gen Intel(R) Core(TM) i5-1235U, 12 cores, 7G,  Windows 11 , 64 bit Build 22621 (10.0.22621.2506)
Time: Wed Nov 22 18:36:59 2023 India Standard Time elapsed time: 0.026835 seconds (0d 0h 0m 0s)

---------------  T H R E A D  ---------------

Current thread (0x0000015ff47ed640):  JavaThread "Unknown thread" [_thread_in_vm, id=30148, stack(0x0000005a25400000,0x0000005a25500000) (1024K)]

Stack: [0x0000005a25400000,0x0000005a25500000]
Native frames: (J=compiled Java code, j=interpreted, Vv=VM code, C=native code)
V  [jvm.dll+0x6c74b9]
V  [jvm.dll+0x8a1501]
V  [jvm.dll+0x8a393e]
V  [jvm.dll+0x8a4003]
V  [jvm.dll+0x27f6e6]
V  [jvm.dll+0x6c3c35]
V  [jvm.dll+0x6b892a]
V  [jvm.dll+0x35341a]
V  [jvm.dll+0x35afc6]
V  [jvm.dll+0x3ac08e]
V  [jvm.dll+0x3ac338]
V  [jvm.dll+0x32765c]
V  [jvm.dll+0x3281bb]
V  [jvm.dll+0x86a5f9]
V  [jvm.dll+0x3b9041]
V  [jvm.dll+0x852e48]
V  [jvm.dll+0x44cdbe]
V  [jvm.dll+0x44e841]
C  [jli.dll+0x5278]
C  [ucrtbase.dll+0x29363]
C  [KERNEL32.DLL+0x1257d]
C  [ntdll.dll+0x5aa58]


---------------  P R O C E S S  ---------------

Threads class SMR info:
_java_thread_list=0x00007ffae07cc088, length=0, elements={
}

Java Threads: ( => current thread )
Total: 0

Other Threads:
  0x0000015ff6ad6900 WorkerThread "GC Thread#0"                     [id=9048, stack(0x0000005a25500000,0x0000005a25600000) (1024K)]
  0x0000015ff6ae8910 ConcurrentGCThread "G1 Main Marker"            [id=12232, stack(0x0000005a25600000,0x0000005a25700000) (1024K)]
  0x0000015ff6ae9410 WorkerThread "G1 Conc#0"                       [id=20520, stack(0x0000005a25700000,0x0000005a25800000) (1024K)]

[error occurred during error reporting (printing all threads), id 0xc0000005, EXCEPTION_ACCESS_VIOLATION (0xc0000005) at pc=0x00007ffadfed9f87]
VM state: not at safepoint (not fully initialized)

VM Mutex/Monitor currently owned by a thread:  ([mutex/lock_event])
[0x00007ffae083faf8] Heap_lock - owner thread: 0x0000015ff47ed640

Heap address: 0x0000000084e00000, size: 1970 MB, Compressed Oops mode: 32-bit

CDS archive(s) mapped at: [0x0000000000000000-0x0000000000000000-0x0000000000000000), size 0, SharedBaseAddress: 0x0000000800000000, ArchiveRelocationMode: 1.
Narrow klass base: 0x0000000000000000, Narrow klass shift: 0, Narrow klass range: 0x0

GC Precious Log:
 CardTable entry size: 512
 Card Set container configuration: InlinePtr #cards 5 size 8 Array Of Cards #cards 12 size 40 Howl #buckets 4 coarsen threshold 1843 Howl Bitmap #cards 512 size 80 coarsen threshold 460 Card regions per heap region 1 cards per card region 2048

Heap:
 garbage-first heap   total 0K, used 0K [0x0000000084e00000, 0x0000000100000000)
  region size 1024K, 0 young (0K), 0 survivors (0K)

[error occurred during error reporting (printing heap information), id 0xc0000005, EXCEPTION_ACCESS_VIOLATION (0xc0000005) at pc=0x00007ffae02c0369]
GC Heap History (0 events):
No events

Dll operation events (1 events):
Event: 0.017 Loaded shared library C:\Users\Subhashini\.p2\pool\plugins\org.eclipse.justj.openjdk.hotspot.jre.full.win32.x86_64_21.0.0.v20231013-1207\jre\bin\java.dll

Deoptimization events (0 events):
No events

Classes loaded (0 events):
No events

Classes unloaded (0 events):
No events

Classes redefined (0 events):
No events

Internal exceptions (0 events):
No events

ZGC Phase Switch (0 events):
No events

VM Operations (0 events):
No events

Events (0 events):
No events


Dynamic libraries:
0x00007ff6daad0000 - 0x00007ff6daade000 	C:\Users\Subhashini\.p2\pool\plugins\org.eclipse.justj.openjdk.hotspot.jre.full.win32.x86_64_21.0.0.v20231013-1207\jre\bin\javaw.exe
0x00007ffb5c330000 - 0x00007ffb5c547000 	C:\WINDOWS\SYSTEM32\ntdll.dll
0x00007ffb5a750000 - 0x00007ffb5a814000 	C:\WINDOWS\System32\KERNEL32.DLL
0x00007ffb59720000 - 0x00007ffb59ac5000 	C:\WINDOWS\System32\KERNELBASE.dll
0x00007ffb59f30000 - 0x00007ffb5a041000 	C:\WINDOWS\System32\ucrtbase.dll
0x00007ffb47830000 - 0x00007ffb47848000 	C:\Users\Subhashini\.p2\pool\plugins\org.eclipse.justj.openjdk.hotspot.jre.full.win32.x86_64_21.0.0.v20231013-1207\jre\bin\jli.dll
0x00007ffb5b500000 - 0x00007ffb5b6ae000 	C:\WINDOWS\System32\USER32.dll
0x00007ffb5a050000 - 0x00007ffb5a076000 	C:\WINDOWS\System32\win32u.dll
0x00007ffb5a840000 - 0x00007ffb5a869000 	C:\WINDOWS\System32\GDI32.dll
0x00007ffb59b90000 - 0x00007ffb59ca9000 	C:\WINDOWS\System32\gdi32full.dll
0x00007ffb59e20000 - 0x00007ffb59eba000 	C:\WINDOWS\System32\msvcp_win.dll
0x00007ffb2b450000 - 0x00007ffb2b46b000 	C:\Users\Subhashini\.p2\pool\plugins\org.eclipse.justj.openjdk.hotspot.jre.full.win32.x86_64_21.0.0.v20231013-1207\jre\bin\VCRUNTIME140.dll
0x00007ffb30a70000 - 0x00007ffb30d03000 	C:\WINDOWS\WinSxS\amd64_microsoft.windows.common-controls_6595b64144ccf1df_6.0.22621.2506_none_270c5ae97388e100\COMCTL32.dll
0x00007ffb5b3c0000 - 0x00007ffb5b467000 	C:\WINDOWS\System32\msvcrt.dll
0x00007ffb5b380000 - 0x00007ffb5b3b1000 	C:\WINDOWS\System32\IMM32.DLL
0x00007ffb53a20000 - 0x00007ffb53a2c000 	C:\Users\Subhashini\.p2\pool\plugins\org.eclipse.justj.openjdk.hotspot.jre.full.win32.x86_64_21.0.0.v20231013-1207\jre\bin\vcruntime140_1.dll
0x00007ffb2b3c0000 - 0x00007ffb2b44e000 	C:\Users\Subhashini\.p2\pool\plugins\org.eclipse.justj.openjdk.hotspot.jre.full.win32.x86_64_21.0.0.v20231013-1207\jre\bin\msvcp140.dll
0x00007ffadfba0000 - 0x00007ffae091f000 	C:\Users\Subhashini\.p2\pool\plugins\org.eclipse.justj.openjdk.hotspot.jre.full.win32.x86_64_21.0.0.v20231013-1207\jre\bin\server\jvm.dll
0x00007ffb5a540000 - 0x00007ffb5a5f1000 	C:\WINDOWS\System32\ADVAPI32.dll
0x00007ffb5a1c0000 - 0x00007ffb5a266000 	C:\WINDOWS\System32\sechost.dll
0x00007ffb5b0a0000 - 0x00007ffb5b1b7000 	C:\WINDOWS\System32\RPCRT4.dll
0x00007ffb5a4c0000 - 0x00007ffb5a531000 	C:\WINDOWS\System32\WS2_32.dll
0x00007ffb594c0000 - 0x00007ffb5950d000 	C:\WINDOWS\SYSTEM32\POWRPROF.dll
0x00007ffb57020000 - 0x00007ffb57054000 	C:\WINDOWS\SYSTEM32\WINMM.dll
0x00007ffb4a130000 - 0x00007ffb4a13a000 	C:\WINDOWS\SYSTEM32\VERSION.dll
0x00007ffb593a0000 - 0x00007ffb593b3000 	C:\WINDOWS\SYSTEM32\UMPDC.dll
0x00007ffb58600000 - 0x00007ffb58618000 	C:\WINDOWS\SYSTEM32\kernel.appcore.dll
0x00007ffb26bc0000 - 0x00007ffb26bca000 	C:\Users\Subhashini\.p2\pool\plugins\org.eclipse.justj.openjdk.hotspot.jre.full.win32.x86_64_21.0.0.v20231013-1207\jre\bin\jimage.dll
0x00007ffb56da0000 - 0x00007ffb56fd3000 	C:\WINDOWS\SYSTEM32\DBGHELP.DLL
0x00007ffb5a870000 - 0x00007ffb5abf9000 	C:\WINDOWS\System32\combase.dll
0x00007ffb5b6b0000 - 0x00007ffb5b787000 	C:\WINDOWS\System32\OLEAUT32.dll
0x00007ffb56d60000 - 0x00007ffb56d92000 	C:\WINDOWS\SYSTEM32\dbgcore.DLL
0x00007ffb596a0000 - 0x00007ffb5971a000 	C:\WINDOWS\System32\bcryptPrimitives.dll
0x00007ffb1cbd0000 - 0x00007ffb1cbef000 	C:\Users\Subhashini\.p2\pool\plugins\org.eclipse.justj.openjdk.hotspot.jre.full.win32.x86_64_21.0.0.v20231013-1207\jre\bin\java.dll

dbghelp: loaded successfully - version: 4.0.5 - missing functions: none
symbol engine: initialized successfully - sym options: 0x614 - pdb path: .;C:\Users\Subhashini\.p2\pool\plugins\org.eclipse.justj.openjdk.hotspot.jre.full.win32.x86_64_21.0.0.v20231013-1207\jre\bin;C:\WINDOWS\SYSTEM32;C:\WINDOWS\WinSxS\amd64_microsoft.windows.common-controls_6595b64144ccf1df_6.0.22621.2506_none_270c5ae97388e100;C:\Users\Subhashini\.p2\pool\plugins\org.eclipse.justj.openjdk.hotspot.jre.full.win32.x86_64_21.0.0.v20231013-1207\jre\bin\server

VM Arguments:
jvm_args: -Dfile.encoding=UTF-8 -Dstdout.encoding=UTF-8 -Dstderr.encoding=UTF-8 -XX:+ShowCodeDetailsInExceptionMessages 
java_command: bankManagementSystem.Transactions
java_class_path (initial): C:\Users\Subhashini\eclipse-workspace\bankManagementSystem\bin;C:\Users\Subhashini\Downloads\jcalendar-1.4\lib\jcalendar-1.4.jar;C:\Users\Subhashini\Downloads\mysql-connector-java-8.0.28.jar
Launcher Type: SUN_STANDARD

[Global flags]
     intx CICompilerCount                          = 4                                         {product} {ergonomic}
     uint ConcGCThreads                            = 3                                         {product} {ergonomic}
     uint G1ConcRefinementThreads                  = 10                                        {product} {ergonomic}
   size_t G1HeapRegionSize                         = 1048576                                   {product} {ergonomic}
    uintx GCDrainStackTargetSize                   = 64                                        {product} {ergonomic}
   size_t InitialHeapSize                          = 130023424                                 {product} {ergonomic}
   size_t MarkStackSize                            = 4194304                                   {product} {ergonomic}
   size_t MaxHeapSize                              = 2065694720                                {product} {ergonomic}
   size_t MinHeapDeltaBytes                        = 1048576                                   {product} {ergonomic}
   size_t MinHeapSize                              = 8388608                                   {product} {ergonomic}
    uintx NonNMethodCodeHeapSize                   = 5839372                                {pd product} {ergonomic}
    uintx NonProfiledCodeHeapSize                  = 122909434                              {pd product} {ergonomic}
    uintx ProfiledCodeHeapSize                     = 122909434                              {pd product} {ergonomic}
    uintx ReservedCodeCacheSize                    = 251658240                              {pd product} {ergonomic}
     bool SegmentedCodeCache                       = true                                      {product} {ergonomic}
     bool ShowCodeDetailsInExceptionMessages       = true                                   {manageable} {command line}
   size_t SoftMaxHeapSize                          = 2065694720                             {manageable} {ergonomic}
     bool UseCompressedOops                        = true                           {product lp64_product} {ergonomic}
     bool UseG1GC                                  = true                                      {product} {ergonomic}
     bool UseLargePagesIndividualAllocation        = false                                  {pd product} {ergonomic}

Logging:
Log output configuration:
 #0: stdout all=warning uptime,level,tags foldmultilines=false
 #1: stderr all=off uptime,level,tags foldmultilines=false

Environment Variables:
PATH=C:/Users/Subhashini/.p2/pool/plugins/org.eclipse.justj.openjdk.hotspot.jre.full.win32.x86_64_21.0.0.v20231013-1207/jre/bin/server;C:/Users/Subhashini/.p2/pool/plugins/org.eclipse.justj.openjdk.hotspot.jre.full.win32.x86_64_21.0.0.v20231013-1207/jre/bin;C:\Program Files\Common Files\Oracle\Java\javapath;C:\WINDOWS\system32;C:\WINDOWS;C:\WINDOWS\System32\Wbem;C:\WINDOWS\System32\WindowsPowerShell\v1.0\;C:\WINDOWS\System32\OpenSSH\;C:\Program Files\dotnet\;C:\Program Files\Microsoft SQL Server\150\Tools\Binn\;C:\Program Files\Microsoft SQL Server\Client SDK\ODBC\170\Tools\Binn\;C:\Program Files (x86)\Microsoft SQL Server\160\DTS\Binn\;C:\Program Files\Azure Data Studio\bin;C:\Program Files\Git\cmd;C:\Program Files\nodejs\;C:\Program Files\MySQL\MySQL Shell 8.0\bin\;C:\Users\Subhashini\AppData\Local\Microsoft\WindowsApps;C:\Users\Subhashini\AppData\Local\Programs\Microsoft VS Code\bin;C:\msys64\mingw64\bin;C:\Users\Subhashini\.dotnet\tools;C:\Program Files\Azure Data Studio\bin;C:\Users\Subhashini\AppData\Roaming\npm;C:\Users\Subhashini\Desktop;
USERNAME=Subhashini
OS=Windows_NT
PROCESSOR_IDENTIFIER=Intel64 Family 6 Model 154 Stepping 4, GenuineIntel
TMP=C:\Users\SUBHAS~1\AppData\Local\Temp
TEMP=C:\Users\SUBHAS~1\AppData\Local\Temp




---------------  S Y S T E M  ---------------

OS:
 Windows 11 , 64 bit Build 22621 (10.0.22621.2506)
OS uptime: 2 days 5:36 hours
Hyper-V role detected

CPU: total 12 (initial active 12) (6 cores per cpu, 2 threads per core) family 6 model 154 stepping 4 microcode 0x42a, cx8, cmov, fxsr, ht, mmx, 3dnowpref, sse, sse2, sse3, ssse3, sse4.1, sse4.2, popcnt, lzcnt, tsc, tscinvbit, avx, avx2, aes, erms, clmul, bmi1, bmi2, adx, sha, fma, vzeroupper, clflush, clflushopt, clwb, hv, serialize, rdtscp, rdpid, fsrm, f16c, cet_ibt, cet_ss
Processor Information for processor 0
  Max Mhz: 1300, Current Mhz: 1300, Mhz Limit: 1300
Processor Information for processor 1
  Max Mhz: 1300, Current Mhz: 1300, Mhz Limit: 1300
Processor Information for processor 2
  Max Mhz: 1300, Current Mhz: 1300, Mhz Limit: 1300
Processor Information for processor 3
  Max Mhz: 1300, Current Mhz: 1300, Mhz Limit: 1300
Processor Information for processor 4
  Max Mhz: 1300, Current Mhz: 900, Mhz Limit: 897
Processor Information for processor 5
  Max Mhz: 1300, Current Mhz: 900, Mhz Limit: 897
Processor Information for processor 6
  Max Mhz: 1300, Current Mhz: 900, Mhz Limit: 897
Processor Information for processor 7
  Max Mhz: 1300, Current Mhz: 900, Mhz Limit: 897
Processor Information for processor 8
  Max Mhz: 1300, Current Mhz: 900, Mhz Limit: 897
Processor Information for processor 9
  Max Mhz: 1300, Current Mhz: 900, Mhz Limit: 897
Processor Information for processor 10
  Max Mhz: 1300, Current Mhz: 900, Mhz Limit: 897
Processor Information for processor 11
  Max Mhz: 1300, Current Mhz: 900, Mhz Limit: 897

Memory: 4k page, system-wide physical 7876M (565M free)
TotalPageFile size 32452M (AvailPageFile size 34M)
current process WorkingSet (physical memory assigned to process): 11M, peak: 11M
current process commit charge ("private bytes"): 64M, peak: 188M

vm_info: OpenJDK 64-Bit Server VM (21+35-LTS) for windows-amd64 JRE (21+35-LTS), built on 2023-09-19T00:00:00Z by "admin" with unknown MS VC++:1937

END.
